#
# A fatal error has been detected by the Java Runtime Environment:
#
#  EXCEPTION_ACCESS_VIOLATION (0xc0000005) at pc=0x000000000343521a, pid=7668, tid=0x0000000000002568
#
# JRE version: Java(TM) SE Runtime Environment (8.0_152-b16) (build 1.8.0_152-b16)
# Java VM: Java HotSpot(TM) 64-Bit Server VM (25.152-b16 mixed mode windows-amd64 compressed oops)
# Problematic frame:
# j  sun.security.jca.ProviderConfig.doLoadProvider()Ljava/security/Provider;+0
#
# Failed to write core dump. Minidumps are not enabled by default on client versions of Windows
#
# If you would like to submit a bug report, please visit:
#   http://bugreport.java.com/bugreport/crash.jsp
#

---------------  T H R E A D  ---------------

Current thread (0x000000001e109000):  JavaThread "AWT-EventQueue-0" [_thread_in_Java, id=9576, stack(0x000000001eb30000,0x000000001ec30000)]

siginfo: ExceptionCode=0xc0000005, reading address 0x000000074012208a

Registers:
RAX=0x000000001bd77c10, RBX=0x00000000000000bb, RCX=0x0000000000000020, RDX=0x0000000000000066
RSP=0x000000001ec2d8c0, RBP=0x000000001ec2d900, RSI=0x0000000740121f18, RDI=0x0000000000000004
R8 =0x0000000000000001, R9 =0x000000076c52d708, R10=0x000000006649ba90, R11=0x0000000000000000
R12=0x0000000000000000, R13=0x000000001bd78c58, R14=0x000000001ec2d910, R15=0x000000001e109000
RIP=0x000000000343521a, EFLAGS=0x0000000000010246

Top of Stack: (sp=0x000000001ec2d8c0)
0x000000001ec2d8c0:   000000001ec2d8c0 000000001bd78c58
0x000000001ec2d8d0:   000000001ec2d910 000000001bd8c140
0x000000001ec2d8e0:   0000000000000000 000000001bd78c68
0x000000001ec2d8f0:   0000000000000000 000000001ec2d910
0x000000001ec2d900:   000000001ec2d968 00000000034180e0
0x000000001ec2d910:   000000076c52d708 0000000000000001
0x000000001ec2d920:   000000076c52d708 000000001ec2d918
0x000000001ec2d930:   000000001bd78ba8 000000001ec2d988
0x000000001ec2d940:   000000001bd8c140 0000000000000000
0x000000001ec2d950:   000000001bd78bd0 000000001ec2d910
0x000000001ec2d960:   000000001ec2d988 000000001ec2d9d0
0x000000001ec2d970:   00000000034180e0 0000000000000000
0x000000001ec2d980:   0000000000000000 000000076c52d708
0x000000001ec2d990:   000000001ec2d990 000000001bd768de
0x000000001ec2d9a0:   000000001ec2d9f0 000000001bd773a8
0x000000001ec2d9b0:   0000000000000000 000000001bd768f0 

Instructions: (pc=0x000000000343521a)
0x00000000034351fa:   48 8b 75 e8 48 8b 76 08 48 8b 76 08 48 8b 46 08
0x000000000343520a:   80 7c 10 04 07 0f 85 dd 00 00 00 48 8b 74 d6 50
0x000000000343521a:   80 be 72 01 00 00 04 0f 85 cb 00 00 00 8b 56 08
0x000000000343522a:   f7 c2 01 00 00 00 0f 85 bc 00 00 00 49 8b 47 60 


Register to memory mapping:

RAX=0x000000001bd77c10 is pointing into metadata
RBX=0x00000000000000bb is an unknown value
RCX=0x0000000000000020 is an unknown value
RDX=0x0000000000000066 is an unknown value
RSP=0x000000001ec2d8c0 is pointing into the stack for thread: 0x000000001e109000
RBP=0x000000001ec2d900 is pointing into the stack for thread: 0x000000001e109000
RSI=0x0000000740121f18 is an unallocated location in the heap
RDI=0x0000000000000004 is an unknown value
R8 =0x0000000000000001 is an unknown value
R9 =0x000000076c52d708 is an oop
sun.security.jca.ProviderConfig 
 - klass: 'sun/security/jca/ProviderConfig'
R10=0x000000006649ba90 is an unknown value
R11=0x0000000000000000 is an unknown value
R12=0x0000000000000000 is an unknown value
R13=0x000000001bd78c58 is pointing into metadata
R14=0x000000001ec2d910 is pointing into the stack for thread: 0x000000001e109000
R15=0x000000001e109000 is a thread


Stack: [0x000000001eb30000,0x000000001ec30000],  sp=0x000000001ec2d8c0,  free space=1014k
Native frames: (J=compiled Java code, j=interpreted, Vv=VM code, C=native code)
C  0x000000000343521a


---------------  P R O C E S S  ---------------

Java Threads: ( => current thread )
  0x00000000014c3800 JavaThread "DestroyJavaVM" [_thread_blocked, id=14604, stack(0x0000000001350000,0x0000000001450000)]
=>0x000000001e109000 JavaThread "AWT-EventQueue-0" [_thread_in_Java, id=9576, stack(0x000000001eb30000,0x000000001ec30000)]
  0x000000001e106000 JavaThread "AWT-Windows" daemon [_thread_in_native, id=10952, stack(0x000000001e920000,0x000000001ea20000)]
  0x000000001e103800 JavaThread "AWT-Shutdown" [_thread_blocked, id=6988, stack(0x000000001e820000,0x000000001e920000)]
  0x000000001dc6e000 JavaThread "Java2D Disposer" daemon [_thread_blocked, id=9360, stack(0x000000001e720000,0x000000001e820000)]
  0x000000001d883800 JavaThread "Service Thread" daemon [_thread_blocked, id=10468, stack(0x000000001dc70000,0x000000001dd70000)]
  0x000000001bfc2000 JavaThread "C1 CompilerThread2" daemon [_thread_blocked, id=10004, stack(0x000000001d770000,0x000000001d870000)]
  0x000000001bf87000 JavaThread "C2 CompilerThread1" daemon [_thread_blocked, id=12364, stack(0x000000001d670000,0x000000001d770000)]
  0x000000001bf84000 JavaThread "C2 CompilerThread0" daemon [_thread_blocked, id=14984, stack(0x000000001d570000,0x000000001d670000)]
  0x000000001bf82000 JavaThread "Attach Listener" daemon [_thread_blocked, id=1724, stack(0x000000001d470000,0x000000001d570000)]
  0x000000001bf80800 JavaThread "Signal Dispatcher" daemon [_thread_blocked, id=7160, stack(0x000000001d370000,0x000000001d470000)]
  0x000000001bf6a800 JavaThread "Finalizer" daemon [_thread_blocked, id=9080, stack(0x000000001d1d0000,0x000000001d2d0000)]
  0x00000000015b3000 JavaThread "Reference Handler" daemon [_thread_blocked, id=10800, stack(0x000000001d0d0000,0x000000001d1d0000)]

Other Threads:
  0x000000001bf47000 VMThread [stack: 0x000000001cfd0000,0x000000001d0d0000] [id=2160]
  0x000000001d88e800 WatcherThread [stack: 0x000000001dd70000,0x000000001de70000] [id=4800]

VM state:not at safepoint (normal execution)

VM Mutex/Monitor currently owned by a thread: None

Heap:
 PSYoungGen      total 75776K, used 18070K [0x000000076b600000, 0x0000000774a00000, 0x00000007c0000000)
  eden space 65024K, 25% used [0x000000076b600000,0x000000076c67e628,0x000000076f580000)
  from space 10752K, 10% used [0x000000076f580000,0x000000076f6a7540,0x0000000770000000)
  to   space 10752K, 0% used [0x0000000773f80000,0x0000000773f80000,0x0000000774a00000)
 ParOldGen       total 173568K, used 8K [0x00000006c2200000, 0x00000006ccb80000, 0x000000076b600000)
  object space 173568K, 0% used [0x00000006c2200000,0x00000006c2202000,0x00000006ccb80000)
 Metaspace       used 9989K, capacity 10238K, committed 10368K, reserved 1058816K
  class space    used 1247K, capacity 1336K, committed 1408K, reserved 1048576K

Card table byte_map: [0x0000000012410000,0x0000000012c00000] byte_map_base: 0x000000000edff000

Marking Bits: (ParMarkBitMap*) 0x00000000664b0860
 Begin Bits: [0x0000000012f00000, 0x0000000016e78000)
 End Bits:   [0x0000000016e78000, 0x000000001adf0000)

Polling page: 0x0000000000f50000

CodeCache: size=245760Kb used=2556Kb max_used=2568Kb free=243204Kb
 bounds [0x0000000003410000, 0x00000000036a0000, 0x0000000012410000]
 total_blobs=1004 nmethods=638 adapters=279
 compilation: enabled

Compilation events (10 events):
Event: 1.191 Thread 0x000000001bfc2000  633       3       java.util.regex.Matcher::search (109 bytes)
Event: 1.191 Thread 0x000000001bf84000 nmethod 624 0x0000000003683d90 code [0x0000000003683ec0, 0x0000000003684158]
Event: 1.191 Thread 0x000000001bf84000  629       4       java.lang.Integer::parseInt (261 bytes)
Event: 1.191 Thread 0x000000001bfc2000 nmethod 633 0x0000000003683690 code [0x0000000003683820, 0x0000000003683c28]
Event: 1.191 Thread 0x000000001bfc2000  634       3       java.util.regex.Matcher::reset (83 bytes)
Event: 1.192 Thread 0x000000001bf87000 nmethod 627 0x000000000368a750 code [0x000000000368a8c0, 0x000000000368acd8]
Event: 1.192 Thread 0x000000001bfc2000 nmethod 634 0x0000000003689f50 code [0x000000000368a0e0, 0x000000000368a588]
Event: 1.192 Thread 0x000000001bfc2000  635       3       java.security.Provider::checkInitialized (16 bytes)
Event: 1.192 Thread 0x000000001bfc2000 nmethod 635 0x0000000003683210 code [0x0000000003683380, 0x00000000036835c8]
Event: 1.192 Thread 0x000000001bfc2000  636  s    3       java.security.Provider::put (90 bytes)

GC Heap History (2 events):
Event: 0.855 GC heap before
{Heap before GC invocations=1 (full 0):
 PSYoungGen      total 75776K, used 64986K [0x000000076b600000, 0x0000000770a80000, 0x00000007c0000000)
  eden space 65024K, 99% used [0x000000076b600000,0x000000076f5769a8,0x000000076f580000)
  from space 10752K, 0% used [0x0000000770000000,0x0000000770000000,0x0000000770a80000)
  to   space 10752K, 0% used [0x000000076f580000,0x000000076f580000,0x0000000770000000)
 ParOldGen       total 173568K, used 0K [0x00000006c2200000, 0x00000006ccb80000, 0x000000076b600000)
  object space 173568K, 0% used [0x00000006c2200000,0x00000006c2200000,0x00000006ccb80000)
 Metaspace       used 5923K, capacity 6076K, committed 6272K, reserved 1056768K
  class space    used 704K, capacity 785K, committed 896K, reserved 1048576K
Event: 0.868 GC heap after
Heap after GC invocations=1 (full 0):
 PSYoungGen      total 75776K, used 1181K [0x000000076b600000, 0x0000000774a00000, 0x00000007c0000000)
  eden space 65024K, 0% used [0x000000076b600000,0x000000076b600000,0x000000076f580000)
  from space 10752K, 10% used [0x000000076f580000,0x000000076f6a7540,0x0000000770000000)
  to   space 10752K, 0% used [0x0000000773f80000,0x0000000773f80000,0x0000000774a00000)
 ParOldGen       total 173568K, used 8K [0x00000006c2200000, 0x00000006ccb80000, 0x000000076b600000)
  object space 173568K, 0% used [0x00000006c2200000,0x00000006c2202000,0x00000006ccb80000)
 Metaspace       used 5923K, capacity 6076K, committed 6272K, reserved 1056768K
  class space    used 704K, capacity 785K, committed 896K, reserved 1048576K
}

Deoptimization events (2 events):
Event: 0.959 Thread 0x000000001e109000 Uncommon trap: reason=range_check action=make_not_entrant pc=0x0000000003614668 method=sun.reflect.generics.parser.SignatureParser.current()C @ 34
Event: 1.169 Thread 0x000000001e109000 Uncommon trap: reason=unstable_if action=reinterpret pc=0x000000000364f558 method=java.lang.String.startsWith(Ljava/lang/String;I)Z @ 25

Classes redefined (0 events):
No events

Internal exceptions (10 events):
Event: 0.883 Thread 0x000000001e109000 Exception <a 'java/lang/ClassNotFoundException': com/sun/org/glassfish/hk2/osgiresourcelocator/ServiceLoader> (0x000000076bf83950) thrown at [C:\re\workspace\8-2-build-windows-amd64-cygwin\jdk8u152\9742\hotspot\src\share\vm\classfile\systemDictionary.cpp,
Event: 0.886 Thread 0x000000001e109000 Exception <a 'java/lang/NullPointerException'> (0x000000076bf8bed8) thrown at [C:\re\workspace\8-2-build-windows-amd64-cygwin\jdk8u152\9742\hotspot\src\share\vm\interpreter\linkResolver.cpp, line 1287]
Event: 0.934 Thread 0x000000001e109000 Exception <a 'java/lang/ClassNotFoundException': com/sun/org/glassfish/hk2/osgiresourcelocator/ServiceLoader> (0x000000076c06c640) thrown at [C:\re\workspace\8-2-build-windows-amd64-cygwin\jdk8u152\9742\hotspot\src\share\vm\classfile\systemDictionary.cpp,
Event: 0.949 Thread 0x000000001e109000 Exception <a 'java/lang/ArrayIndexOutOfBoundsException'> (0x000000076c0dc908) thrown at [C:\re\workspace\8-2-build-windows-amd64-cygwin\jdk8u152\9742\hotspot\src\share\vm\runtime\sharedRuntime.cpp, line 605]
Event: 0.949 Thread 0x000000001e109000 Exception <a 'java/lang/ArrayIndexOutOfBoundsException'> (0x000000076c0ddbe0) thrown at [C:\re\workspace\8-2-build-windows-amd64-cygwin\jdk8u152\9742\hotspot\src\share\vm\runtime\sharedRuntime.cpp, line 605]
Event: 0.949 Thread 0x000000001e109000 Exception <a 'java/lang/ArrayIndexOutOfBoundsException'> (0x000000076c0df320) thrown at [C:\re\workspace\8-2-build-windows-amd64-cygwin\jdk8u152\9742\hotspot\src\share\vm\runtime\sharedRuntime.cpp, line 605]
Event: 0.951 Thread 0x000000001e109000 Exception <a 'java/lang/ArrayIndexOutOfBoundsException'> (0x000000076c0f4838) thrown at [C:\re\workspace\8-2-build-windows-amd64-cygwin\jdk8u152\9742\hotspot\src\share\vm\runtime\sharedRuntime.cpp, line 605]
Event: 0.951 Thread 0x000000001e109000 Exception <a 'java/lang/ArrayIndexOutOfBoundsException'> (0x000000076c0f59c8) thrown at [C:\re\workspace\8-2-build-windows-amd64-cygwin\jdk8u152\9742\hotspot\src\share\vm\runtime\sharedRuntime.cpp, line 605]
Event: 0.959 Thread 0x000000001e109000 Exception <a 'java/lang/ArrayIndexOutOfBoundsException': 63> (0x000000076c1554d0) thrown at [C:\re\workspace\8-2-build-windows-amd64-cygwin\jdk8u152\9742\hotspot\src\share\vm\interpreter\interpreterRuntime.cpp, line 366]
Event: 1.008 Thread 0x000000001e109000 Exception <a 'java/lang/NoClassDefFoundError': org/apache/log4j/Category> (0x000000076c3e79f0) thrown at [C:\re\workspace\8-2-build-windows-amd64-cygwin\jdk8u152\9742\hotspot\src\share\vm\classfile\systemDictionary.cpp, line 199]

Events (10 events):
Event: 1.182 loading class java/security/spec/ECPoint
Event: 1.182 loading class java/security/spec/ECPoint done
Event: 1.182 loading class sun/security/ec/NamedCurve
Event: 1.182 loading class sun/security/ec/NamedCurve done
Event: 1.183 loading class java/security/spec/ECParameterSpec
Event: 1.183 loading class java/security/spec/AlgorithmParameterSpec
Event: 1.183 loading class java/security/spec/AlgorithmParameterSpec done
Event: 1.183 loading class java/security/spec/ECParameterSpec done
Event: 1.186 loading class java/security/spec/ECFieldF2m
Event: 1.186 loading class java/security/spec/ECFieldF2m done


Dynamic libraries:
0x00007ff7507c0000 - 0x00007ff7507f7000 	C:\Program Files\MATLAB\R2018b\sys\java\jre\win64\jre\bin\java.exe
0x00007ff834320000 - 0x00007ff83450d000 	C:\WINDOWS\SYSTEM32\ntdll.dll
0x00007ff833600000 - 0x00007ff8336b3000 	C:\WINDOWS\System32\KERNEL32.DLL
0x00007ff8305f0000 - 0x00007ff830883000 	C:\WINDOWS\System32\KERNELBASE.dll
0x00007ff8341e0000 - 0x00007ff834283000 	C:\WINDOWS\System32\ADVAPI32.dll
0x00007ff831820000 - 0x00007ff8318be000 	C:\WINDOWS\System32\msvcrt.dll
0x00007ff8339c0000 - 0x00007ff833a5e000 	C:\WINDOWS\System32\sechost.dll
0x00007ff833890000 - 0x00007ff8339b2000 	C:\WINDOWS\System32\RPCRT4.dll
0x00007ff834040000 - 0x00007ff8341d7000 	C:\WINDOWS\System32\USER32.dll
0x00007ff830a90000 - 0x00007ff830ab0000 	C:\WINDOWS\System32\win32u.dll
0x00007ff831550000 - 0x00007ff831579000 	C:\WINDOWS\System32\GDI32.dll
0x00007ff8308f0000 - 0x00007ff830a8a000 	C:\WINDOWS\System32\gdi32full.dll
0x00007ff830d10000 - 0x00007ff830db0000 	C:\WINDOWS\System32\msvcp_win.dll
0x00007ff8304a0000 - 0x00007ff83059a000 	C:\WINDOWS\System32\ucrtbase.dll
0x00007ff81d860000 - 0x00007ff81dad9000 	C:\WINDOWS\WinSxS\amd64_microsoft.windows.common-controls_6595b64144ccf1df_6.0.17763.379_none_05b83be8071c94a1\COMCTL32.dll
0x00007ff831af0000 - 0x00007ff831e1d000 	C:\WINDOWS\System32\combase.dll
0x00007ff830c90000 - 0x00007ff830d0e000 	C:\WINDOWS\System32\bcryptPrimitives.dll
0x00007ff833790000 - 0x00007ff8337be000 	C:\WINDOWS\System32\IMM32.DLL
0x0000000065bb0000 - 0x0000000065c82000 	C:\Program Files\MATLAB\R2018b\sys\java\jre\win64\jre\bin\msvcr100.dll
0x0000000065c90000 - 0x0000000066530000 	C:\Program Files\MATLAB\R2018b\sys\java\jre\win64\jre\bin\server\jvm.dll
0x00007ff833b00000 - 0x00007ff833b08000 	C:\WINDOWS\System32\PSAPI.DLL
0x00007ff82c2a0000 - 0x00007ff82c2a9000 	C:\WINDOWS\SYSTEM32\WSOCK32.dll
0x00007ff8318c0000 - 0x00007ff83192d000 	C:\WINDOWS\System32\WS2_32.dll
0x00007ff82db10000 - 0x00007ff82db34000 	C:\WINDOWS\SYSTEM32\WINMM.dll
0x00007ff826290000 - 0x00007ff82629a000 	C:\WINDOWS\SYSTEM32\VERSION.dll
0x00007ff82dab0000 - 0x00007ff82dadd000 	C:\WINDOWS\SYSTEM32\WINMMBASE.dll
0x00007ff830db0000 - 0x00007ff830dfa000 	C:\WINDOWS\System32\cfgmgr32.dll
0x0000000066b90000 - 0x0000000066b9f000 	C:\Program Files\MATLAB\R2018b\sys\java\jre\win64\jre\bin\verify.dll
0x0000000065b80000 - 0x0000000065ba9000 	C:\Program Files\MATLAB\R2018b\sys\java\jre\win64\jre\bin\java.dll
0x0000000065b60000 - 0x0000000065b76000 	C:\Program Files\MATLAB\R2018b\sys\java\jre\win64\jre\bin\zip.dll
0x00007ff832050000 - 0x00007ff833540000 	C:\WINDOWS\System32\SHELL32.dll
0x00007ff833f90000 - 0x00007ff834038000 	C:\WINDOWS\System32\shcore.dll
0x00007ff830e00000 - 0x00007ff83154a000 	C:\WINDOWS\System32\windows.storage.dll
0x00007ff8303c0000 - 0x00007ff8303e4000 	C:\WINDOWS\System32\profapi.dll
0x00007ff830340000 - 0x00007ff83039d000 	C:\WINDOWS\System32\powrprof.dll
0x00007ff831a90000 - 0x00007ff831ae2000 	C:\WINDOWS\System32\shlwapi.dll
0x00007ff8303a0000 - 0x00007ff8303b1000 	C:\WINDOWS\System32\kernel.appcore.dll
0x00007ff8305d0000 - 0x00007ff8305e7000 	C:\WINDOWS\System32\cryptsp.dll
0x00000000659c0000 - 0x0000000065b58000 	C:\Program Files\MATLAB\R2018b\sys\java\jre\win64\jre\bin\awt.dll
0x00007ff8337c0000 - 0x00007ff83388b000 	C:\WINDOWS\System32\OLEAUT32.dll
0x00007ff82dc80000 - 0x00007ff82dd0c000 	C:\WINDOWS\SYSTEM32\apphelp.dll
0x00007ff82df70000 - 0x00007ff82e00c000 	C:\WINDOWS\system32\uxtheme.dll
0x00007ff8316b0000 - 0x00007ff83181a000 	C:\WINDOWS\System32\MSCTF.dll
0x00007ff82e040000 - 0x00007ff82e06e000 	C:\WINDOWS\system32\dwmapi.dll
0x00007ff830ab0000 - 0x00007ff830c8b000 	C:\WINDOWS\System32\CRYPT32.dll
0x00007ff830320000 - 0x00007ff830332000 	C:\WINDOWS\System32\MSASN1.dll
0x00007ff831930000 - 0x00007ff831a85000 	C:\WINDOWS\System32\ole32.dll
0x0000000066ae0000 - 0x0000000066b04000 	C:\Program Files\MATLAB\R2018b\sys\java\jre\win64\jre\bin\sunec.dll
0x00007ff82fe00000 - 0x00007ff82ffed000 	C:\WINDOWS\SYSTEM32\dbghelp.dll

VM Arguments:
java_command: com.mathworks.fatalexit.FatalExitFrame C:\Users\eee\AppData\Local\Temp\matlab_crash_dump.10284-1 -segvURL https://udc-service.mathworks.com/udc/service/v1 -logfile Java Crash Report=C:\Users\eee\AppData\Local\Temp\hs_error_pid10284.log -optIn -desktopOS Microsoft Windows 10 ??? -desktopPlatform win64 -installationId 84e75d32-4b65-4ccd-a5e3-5fc96359dffc -machineHash f79108e011f54d9df52e60e8b9d998df -releaseFamily R2018b -sessionKey f89e7eed-627b-4b95-a33b-41d0b6c4510f -version 9.5.0.944444 (R2018b)
java_class_path (initial): C:\Program Files\MATLAB\R2018b\java\jar/fatalexit.jar;C:\Program Files\MATLAB\R2018b\java\jar/mlwebservices.jar;C:\Program Files\MATLAB\R2018b\java\jar/net.jar;C:\Program Files\MATLAB\R2018b\java\jar/webproxy.jar;C:\Program Files\MATLAB\R2018b\java\jarext/webservices/udc_client/udc_client.jar;C:\Program Files\MATLAB\R2018b\java\jarext/webservices/urlmanager/urlmanager.jar;C:\Program Files\MATLAB\R2018b\java\jarext/webservices/ws_client_core/mw-service-client-core.jar;C:\Program Files\MATLAB\R2018b\java\jarext/commons-cli.jar;C:\Program Files\MATLAB\R2018b\java\jarext/commons-codec.jar;C:\Program Files\MATLAB\R2018b\java\jarext/commons-io.jar;C:\Program Files\MATLAB\R2018b\java\jarext/commons-lang.jar;C:\Program Files\MATLAB\R2018b\java\jarext/commons-logging.jar;C:\Program Files\MATLAB\R2018b\java\jarext/jgoodies-looks.jar;C:\Program Files\MATLAB\R2018b\java\jarext/axis2/activation.jar;C:\Program Files\MATLAB\R2018b\java\jarext/axis2/axiom-api.jar;C:\Program Files\MATLAB\R2018b\java\jarext/axis2/axiom-impl.jar;C:\Program Files\MATLAB\R2018b\java\jarext/axis2/axis2-adb.jar;C:\Program Files\MATLAB\R2018b\java\jarext/axis2/axis2-kernel.jar;C:\Program Files\MATLAB\R2018b\java\jarext/axis2/axis2-transport-http.jar;C:\Program Files\MATLAB\R2018b\java\jarext/axis2/axis2-transport-local.jar;C:\Program Files\MATLAB\R2018b\java\jarext/axis2/commons-httpclient.jar;C:\Program Files\MATLAB\R2018b\java\jarext/axis2/geronimo-stax-api.jar;C:\Program Files\MATLAB\R2018b\java\jarext/axis2/httpcore.jar;C:\Program Files\MATLAB\R2018b\java\jarext/axis2/mail.jar;C:\Program Files\MATLAB\R2018b\java\jarext/axis2/neethi.jar;C:\Program Files\MATLAB\R2018b\java\jarext/axis2/wsdl4j.jar;C:\Program Files\MATLAB\R2018b\java\jarext/axis2/wstx-asl.jar;C:\Program Files\MATLAB\R2018b\java\jarext/axis2/XmlSchema.jar;C:\Program Files\MATLAB\R2018b\java\jar/ja_JP/fatalexit_res.jar;C:\Program Files\MATLAB\R2018b\java\jar/zh_CN/fatalexit_res.jar;C:\Program Files\MATLAB\R2018b\
Launcher Type: SUN_STANDARD

Environment Variables:
PATH=C:\Program Files\MATLAB\R2018b\bin\win64;C:\Program Files\Microsoft MPI\Bin\;C:\Program Files\NVIDIA GPU Computing Toolkit\CUDA\v10.0\bin;C:\Program Files\NVIDIA GPU Computing Toolkit\CUDA\v10.0\libnvvp;C:\WINDOWS\system32;C:\WINDOWS;C:\WINDOWS\System32\Wbem;C:\WINDOWS\System32\WindowsPowerShell\v1.0\;C:\WINDOWS\System32\OpenSSH\;C:\Program Files\MATLAB\R2018b\bin;c:\matlab\R2018a\runtime\win64;c:\matlab\R2018a\bin;C:\Program Files\Git\cmd;C:\Program Files (x86)\Microsoft Visual Studio\2017\Community\VC\Tools\MSVC\14.15.26726\bin\Hostx64\x64;C:\Program Files (x86)\NVIDIA Corporation\PhysX\Common;C:\WINDOWS\system32;C:\WINDOWS;C:\WINDOWS\System32\Wbem;C:\WINDOWS\System32\WindowsPowerShell\v1.0\;C:\WINDOWS\System32\OpenSSH\;C:\Program Files (x86)\Gow\bin;C:\Program Files\PuTTY\;C:\Users\eee\AppData\Local\Microsoft\WindowsApps;C:\Program Files (x86)\Microsoft Visual Studio\2017\Community\VC\Tools\MSVC\14.15.26726\bin\Hostx64\x64;C:\Users\eee\AppData\Local\GitHubDesktop\bin;C:\Users\eee\AppData\Local\Programs\MiKTeX 2.9\miktex\bin\x64\;C:\Program Files\JetBrains\PyCharm 2018.3.3\bin;;C:\MinGW\bin;;C:\Users\eee\AppData\Local\Microsoft\WindowsApps
USERNAME=eee
OS=Windows_NT
PROCESSOR_IDENTIFIER=Intel64 Family 6 Model 94 Stepping 3, GenuineIntel



---------------  S Y S T E M  ---------------

OS: Windows 10.0 , 64 bit Build 17763 (10.0.17763.379)

CPU:total 4 (initial active 4) (4 cores per cpu, 1 threads per core) family 6 model 94 stepping 3, cmov, cx8, fxsr, mmx, sse, sse2, sse3, ssse3, sse4.1, sse4.2, popcnt, avx, avx2, aes, clmul, erms, rtm, 3dnowpref, lzcnt, tsc, tscinvbit, bmi1, bmi2, adx

Memory: 4k page, physical 16637860k(10408896k free), swap 19128228k(11571780k free)

vm_info: Java HotSpot(TM) 64-Bit Server VM (25.152-b16) for windows-amd64 JRE (1.8.0_152-b16), built on Sep 14 2017 02:29:36 by "java_re" with MS VC++ 10.0 (VS2010)

time: Fri Mar 22 00:43:21 2019
elapsed time: 1 seconds (0d 0h 0m 1s)

